This is pdfTeX, Version 3.1415926-2.4-1.40.13 (MiKTeX 2.9) (preloaded format=pdflatex 2013.3.1)  8 JUL 2013 11:19
entering extended mode
**D2.2v2.tex
(C:\Users\jmgomez\Documents\GitHub\deliverables\D2.2v2\D2.2v2.tex
LaTeX2e <2011/06/27>
Babel <v3.8m> and hyphenation patterns for english, afrikaans, ancientgreek, arabic, armenian, assamese, basque, bengali
, bokmal, bulgarian, catalan, coptic, croatian, czech, danish, dutch, esperanto, estonian, farsi, finnish, french, galic
ian, german, german-x-2012-05-30, greek, gujarati, hindi, hungarian, icelandic, indonesian, interlingua, irish, italian,
 kannada, kurmanji, latin, latvian, lithuanian, malayalam, marathi, mongolian, mongolianlmc, monogreek, ngerman, ngerman
-x-2012-05-30, nynorsk, oriya, panjabi, pinyin, polish, portuguese, romanian, russian, sanskrit, serbian, slovak, sloven
ian, spanish, swedish, swissgerman, tamil, telugu, turkish, turkmen, ukenglish, ukrainian, uppersorbian, usenglishmax, w
elsh, loaded.
("C:\Program Files (x86)\MiKTeX 2.9\tex\latex\base\article.cls"
Document Class: article 2007/10/19 v1.4h Standard LaTeX document class
("C:\Program Files (x86)\MiKTeX 2.9\tex\latex\base\size11.clo"
File: size11.clo 2007/10/19 v1.4h Standard LaTeX file (size option)
)
\c@part=\count79
\c@section=\count80
\c@subsection=\count81
\c@subsubsection=\count82
\c@paragraph=\count83
\c@subparagraph=\count84
\c@figure=\count85
\c@table=\count86
\abovecaptionskip=\skip41
\belowcaptionskip=\skip42
\bibindent=\dimen102
)
("C:\Program Files (x86)\MiKTeX 2.9\tex\latex\psnfss\helvet.sty"
Package: helvet 2005/04/12 PSNFSS-v9.2a (WaS) 

("C:\Program Files (x86)\MiKTeX 2.9\tex\latex\graphics\keyval.sty"
Package: keyval 1999/03/16 v1.13 key=value parser (DPC)
\KV@toks@=\toks14
))
("C:\Program Files (x86)\MiKTeX 2.9\tex\latex\fancyhdr\fancyhdr.sty"
\fancy@headwidth=\skip43
\f@ncyO@elh=\skip44
\f@ncyO@erh=\skip45
\f@ncyO@olh=\skip46
\f@ncyO@orh=\skip47
\f@ncyO@elf=\skip48
\f@ncyO@erf=\skip49
\f@ncyO@olf=\skip50
\f@ncyO@orf=\skip51
)
("C:\Program Files (x86)\MiKTeX 2.9\tex\latex\psnfss\courier.sty"
Package: courier 2005/04/12 PSNFSS-v9.2a (WaS) 
)
("C:\Program Files (x86)\MiKTeX 2.9\tex\latex\caption\caption.sty"
Package: caption 2013/05/02 v3.3-89 Customizing captions (AR)

("C:\Program Files (x86)\MiKTeX 2.9\tex\latex\caption\caption3.sty"
Package: caption3 2013/05/02 v1.6-88 caption3 kernel (AR)
Package caption3 Info: TeX engine: e-TeX on input line 57.
\captionmargin=\dimen103
\captionmargin@=\dimen104
\captionwidth=\dimen105
\caption@tempdima=\dimen106
\caption@indent=\dimen107
\caption@parindent=\dimen108
\caption@hangindent=\dimen109
)
\c@ContinuedFloat=\count87
)
("C:\Program Files (x86)\MiKTeX 2.9\tex\latex\caption\subcaption.sty"
Package: subcaption 2013/02/03 v1.1-62 Sub-captions (AR)
\c@subfigure=\count88
\c@subtable=\count89
)
("C:\Program Files (x86)\MiKTeX 2.9\tex\latex\base\fontenc.sty"
Package: fontenc 2005/09/27 v1.99g Standard LaTeX package

("C:\Program Files (x86)\MiKTeX 2.9\tex\latex\base\t1enc.def"
File: t1enc.def 2005/09/27 v1.99g Standard LaTeX file
LaTeX Font Info:    Redeclaring font encoding T1 on input line 43.
))
("C:\Program Files (x86)\MiKTeX 2.9\tex\latex\ltxmisc\url.sty"
\Urlmuskip=\muskip10
Package: url 2006/04/12  ver 3.3  Verb mode for urls, etc.
)
("C:\Program Files (x86)\MiKTeX 2.9\tex\latex\listings\listings.sty"
\lst@mode=\count90
\lst@gtempboxa=\box26
\lst@token=\toks15
\lst@length=\count91
\lst@currlwidth=\dimen110
\lst@column=\count92
\lst@pos=\count93
\lst@lostspace=\dimen111
\lst@width=\dimen112
\lst@newlines=\count94
\lst@lineno=\count95
\lst@maxwidth=\dimen113

("C:\Program Files (x86)\MiKTeX 2.9\tex\latex\listings\lstmisc.sty"
File: lstmisc.sty 2007/02/22 1.4 (Carsten Heinz)
\c@lstnumber=\count96
\lst@skipnumbers=\count97
\lst@framebox=\box27
)
("C:\Program Files (x86)\MiKTeX 2.9\tex\latex\listings\listings.cfg"
File: listings.cfg 2007/02/22 1.4 listings configuration
))
Package: listings 2007/02/22 1.4 (Carsten Heinz)

("C:\Program Files (x86)\MiKTeX 2.9\tex\latex\inconsolata\inconsolata.sty"
Package: inconsolata 2009/11/28 Inconsolata

("C:\Program Files (x86)\MiKTeX 2.9\tex\latex\base\textcomp.sty"
Package: textcomp 2005/09/27 v1.99g Standard LaTeX package
Package textcomp Info: Sub-encoding information:
(textcomp)               5 = only ISO-Adobe without \textcurrency
(textcomp)               4 = 5 + \texteuro
(textcomp)               3 = 4 + \textohm
(textcomp)               2 = 3 + \textestimated + \textcurrency
(textcomp)               1 = TS1 - \textcircled - \t
(textcomp)               0 = TS1 (full)
(textcomp)             Font families with sub-encoding setting implement
(textcomp)             only a restricted character set as indicated.
(textcomp)             Family '?' is the default used for unknown fonts.
(textcomp)             See the documentation for details.
Package textcomp Info: Setting ? sub-encoding to TS1/1 on input line 71.

("C:\Program Files (x86)\MiKTeX 2.9\tex\latex\base\ts1enc.def"
File: ts1enc.def 2001/06/05 v3.0e (jk/car/fm) Standard LaTeX file
)
LaTeX Info: Redefining \oldstylenums on input line 266.
Package textcomp Info: Setting cmr sub-encoding to TS1/0 on input line 281.
Package textcomp Info: Setting cmss sub-encoding to TS1/0 on input line 282.
Package textcomp Info: Setting cmtt sub-encoding to TS1/0 on input line 283.
Package textcomp Info: Setting cmvtt sub-encoding to TS1/0 on input line 284.
Package textcomp Info: Setting cmbr sub-encoding to TS1/0 on input line 285.
Package textcomp Info: Setting cmtl sub-encoding to TS1/0 on input line 286.
Package textcomp Info: Setting ccr sub-encoding to TS1/0 on input line 287.
Package textcomp Info: Setting ptm sub-encoding to TS1/4 on input line 288.
Package textcomp Info: Setting pcr sub-encoding to TS1/4 on input line 289.
Package textcomp Info: Setting phv sub-encoding to TS1/4 on input line 290.
Package textcomp Info: Setting ppl sub-encoding to TS1/3 on input line 291.
Package textcomp Info: Setting pag sub-encoding to TS1/4 on input line 292.
Package textcomp Info: Setting pbk sub-encoding to TS1/4 on input line 293.
Package textcomp Info: Setting pnc sub-encoding to TS1/4 on input line 294.
Package textcomp Info: Setting pzc sub-encoding to TS1/4 on input line 295.
Package textcomp Info: Setting bch sub-encoding to TS1/4 on input line 296.
Package textcomp Info: Setting put sub-encoding to TS1/5 on input line 297.
Package textcomp Info: Setting uag sub-encoding to TS1/5 on input line 298.
Package textcomp Info: Setting ugq sub-encoding to TS1/5 on input line 299.
Package textcomp Info: Setting ul8 sub-encoding to TS1/4 on input line 300.
Package textcomp Info: Setting ul9 sub-encoding to TS1/4 on input line 301.
Package textcomp Info: Setting augie sub-encoding to TS1/5 on input line 302.
Package textcomp Info: Setting dayrom sub-encoding to TS1/3 on input line 303.
Package textcomp Info: Setting dayroms sub-encoding to TS1/3 on input line 304.
Package textcomp Info: Setting pxr sub-encoding to TS1/0 on input line 305.
Package textcomp Info: Setting pxss sub-encoding to TS1/0 on input line 306.
Package textcomp Info: Setting pxtt sub-encoding to TS1/0 on input line 307.
Package textcomp Info: Setting txr sub-encoding to TS1/0 on input line 308.
Package textcomp Info: Setting txss sub-encoding to TS1/0 on input line 309.
Package textcomp Info: Setting txtt sub-encoding to TS1/0 on input line 310.
Package textcomp Info: Setting lmr sub-encoding to TS1/0 on input line 311.
Package textcomp Info: Setting lmdh sub-encoding to TS1/0 on input line 312.
Package textcomp Info: Setting lmss sub-encoding to TS1/0 on input line 313.
Package textcomp Info: Setting lmssq sub-encoding to TS1/0 on input line 314.
Package textcomp Info: Setting lmvtt sub-encoding to TS1/0 on input line 315.
Package textcomp Info: Setting qhv sub-encoding to TS1/0 on input line 316.
Package textcomp Info: Setting qag sub-encoding to TS1/0 on input line 317.
Package textcomp Info: Setting qbk sub-encoding to TS1/0 on input line 318.
Package textcomp Info: Setting qcr sub-encoding to TS1/0 on input line 319.
Package textcomp Info: Setting qcs sub-encoding to TS1/0 on input line 320.
Package textcomp Info: Setting qpl sub-encoding to TS1/0 on input line 321.
Package textcomp Info: Setting qtm sub-encoding to TS1/0 on input line 322.
Package textcomp Info: Setting qzc sub-encoding to TS1/0 on input line 323.
Package textcomp Info: Setting qhvc sub-encoding to TS1/0 on input line 324.
Package textcomp Info: Setting futs sub-encoding to TS1/4 on input line 325.
Package textcomp Info: Setting futx sub-encoding to TS1/4 on input line 326.
Package textcomp Info: Setting futj sub-encoding to TS1/4 on input line 327.
Package textcomp Info: Setting hlh sub-encoding to TS1/3 on input line 328.
Package textcomp Info: Setting hls sub-encoding to TS1/3 on input line 329.
Package textcomp Info: Setting hlst sub-encoding to TS1/3 on input line 330.
Package textcomp Info: Setting hlct sub-encoding to TS1/5 on input line 331.
Package textcomp Info: Setting hlx sub-encoding to TS1/5 on input line 332.
Package textcomp Info: Setting hlce sub-encoding to TS1/5 on input line 333.
Package textcomp Info: Setting hlcn sub-encoding to TS1/5 on input line 334.
Package textcomp Info: Setting hlcw sub-encoding to TS1/5 on input line 335.
Package textcomp Info: Setting hlcf sub-encoding to TS1/5 on input line 336.
Package textcomp Info: Setting pplx sub-encoding to TS1/3 on input line 337.
Package textcomp Info: Setting pplj sub-encoding to TS1/3 on input line 338.
Package textcomp Info: Setting ptmx sub-encoding to TS1/4 on input line 339.
Package textcomp Info: Setting ptmj sub-encoding to TS1/4 on input line 340.
))
("C:\Program Files (x86)\MiKTeX 2.9\tex\latex\hyperref\hyperref.sty"
Package: hyperref 2012/11/06 v6.83m Hypertext links for LaTeX

("C:\Program Files (x86)\MiKTeX 2.9\tex\generic\oberdiek\hobsub-hyperref.sty"
Package: hobsub-hyperref 2012/04/25 v1.12 Bundle oberdiek, subset hyperref (HO)

("C:\Program Files (x86)\MiKTeX 2.9\tex\generic\oberdiek\hobsub-generic.sty"
Package: hobsub-generic 2012/04/25 v1.12 Bundle oberdiek, subset generic (HO)
Package: hobsub 2012/04/25 v1.12 Construct package bundles (HO)
Package: infwarerr 2010/04/08 v1.3 Providing info/warning/error messages (HO)
Package: ltxcmds 2011/11/09 v1.22 LaTeX kernel commands for general use (HO)
Package: ifluatex 2010/03/01 v1.3 Provides the ifluatex switch (HO)
Package ifluatex Info: LuaTeX not detected.
Package: ifvtex 2010/03/01 v1.5 Detect VTeX and its facilities (HO)
Package ifvtex Info: VTeX not detected.
Package: intcalc 2007/09/27 v1.1 Expandable calculations with integers (HO)
Package: ifpdf 2011/01/30 v2.3 Provides the ifpdf switch (HO)
Package ifpdf Info: pdfTeX in PDF mode is detected.
Package: etexcmds 2011/02/16 v1.5 Avoid name clashes with e-TeX commands (HO)
Package etexcmds Info: Could not find \expanded.
(etexcmds)             That can mean that you are not using pdfTeX 1.50 or
(etexcmds)             that some package has redefined \expanded.
(etexcmds)             In the latter case, load this package earlier.
Package: kvsetkeys 2012/04/25 v1.16 Key value parser (HO)
Package: kvdefinekeys 2011/04/07 v1.3 Define keys (HO)
Package: pdftexcmds 2011/11/29 v0.20 Utility functions of pdfTeX for LuaTeX (HO)
Package pdftexcmds Info: LuaTeX not detected.
Package pdftexcmds Info: \pdf@primitive is available.
Package pdftexcmds Info: \pdf@ifprimitive is available.
Package pdftexcmds Info: \pdfdraftmode found.
Package: pdfescape 2011/11/25 v1.13 Implements pdfTeX's escape features (HO)
Package: bigintcalc 2012/04/08 v1.3 Expandable calculations on big integers (HO)
Package: bitset 2011/01/30 v1.1 Handle bit-vector datatype (HO)
Package: uniquecounter 2011/01/30 v1.2 Provide unlimited unique counter (HO)
)
Package hobsub Info: Skipping package `hobsub' (already loaded).
Package: letltxmacro 2010/09/02 v1.4 Let assignment for LaTeX macros (HO)
Package: hopatch 2011/06/24 v1.1 Wrapper for package hooks (HO)
Package: xcolor-patch 2011/01/30 xcolor patch
Package: atveryend 2011/06/30 v1.8 Hooks at the very end of document (HO)
Package atveryend Info: \enddocument detected (standard20110627).
Package: atbegshi 2011/10/05 v1.16 At begin shipout hook (HO)
Package: refcount 2011/10/16 v3.4 Data extraction from label references (HO)
Package: hycolor 2011/01/30 v1.7 Color options for hyperref/bookmark (HO)
)
("C:\Program Files (x86)\MiKTeX 2.9\tex\generic\ifxetex\ifxetex.sty"
Package: ifxetex 2010/09/12 v0.6 Provides ifxetex conditional
)
("C:\Program Files (x86)\MiKTeX 2.9\tex\latex\oberdiek\auxhook.sty"
Package: auxhook 2011/03/04 v1.3 Hooks for auxiliary files (HO)
)
("C:\Program Files (x86)\MiKTeX 2.9\tex\latex\oberdiek\kvoptions.sty"
Package: kvoptions 2011/06/30 v3.11 Key value format for package options (HO)
)
\@linkdim=\dimen114
\Hy@linkcounter=\count98
\Hy@pagecounter=\count99

("C:\Program Files (x86)\MiKTeX 2.9\tex\latex\hyperref\pd1enc.def"
File: pd1enc.def 2012/11/06 v6.83m Hyperref: PDFDocEncoding definition (HO)
)
\Hy@SavedSpaceFactor=\count100

("C:\Program Files (x86)\MiKTeX 2.9\tex\latex\00miktex\hyperref.cfg"
File: hyperref.cfg 2002/06/06 v1.2 hyperref configuration of TeXLive
)
Package hyperref Info: Hyper figures OFF on input line 4443.
Package hyperref Info: Link nesting OFF on input line 4448.
Package hyperref Info: Hyper index ON on input line 4451.
Package hyperref Info: Plain pages OFF on input line 4458.
Package hyperref Info: Backreferencing OFF on input line 4463.
Package hyperref Info: Implicit mode ON; LaTeX internals redefined.
Package hyperref Info: Bookmarks ON on input line 4688.
\c@Hy@tempcnt=\count101
LaTeX Info: Redefining \url on input line 5041.
\XeTeXLinkMargin=\dimen115
\Fld@menulength=\count102
\Field@Width=\dimen116
\Fld@charsize=\dimen117
Package hyperref Info: Hyper figures OFF on input line 6295.
Package hyperref Info: Link nesting OFF on input line 6300.
Package hyperref Info: Hyper index ON on input line 6303.
Package hyperref Info: backreferencing OFF on input line 6310.
Package hyperref Info: Link coloring OFF on input line 6315.
Package hyperref Info: Link coloring with OCG OFF on input line 6320.
Package hyperref Info: PDF/A mode OFF on input line 6325.
LaTeX Info: Redefining \ref on input line 6365.
LaTeX Info: Redefining \pageref on input line 6369.
\Hy@abspage=\count103
\c@Item=\count104
\c@Hfootnote=\count105
)

Package hyperref Message: Driver (autodetected): hpdftex.

("C:\Program Files (x86)\MiKTeX 2.9\tex\latex\hyperref\hpdftex.def"
File: hpdftex.def 2012/11/06 v6.83m Hyperref driver for pdfTeX
\Fld@listcount=\count106
\c@bookmark@seq@number=\count107

("C:\Program Files (x86)\MiKTeX 2.9\tex\latex\oberdiek\rerunfilecheck.sty"
Package: rerunfilecheck 2011/04/15 v1.7 Rerun checks for auxiliary files (HO)
Package uniquecounter Info: New unique counter `rerunfilecheck' on input line 282.
)
\Hy@SectionHShift=\skip52
)
(C:\Users\jmgomez\Documents\GitHub\deliverables\D2.2v2\wf4ever.sty
\c@definition=\count108
)
("C:\Program Files (x86)\MiKTeX 2.9\tex\latex\tools\xspace.sty"
Package: xspace 2009/10/20 v1.13 Space after command names (DPC,MH)
)
("C:\Program Files (x86)\MiKTeX 2.9\tex\latex\amsfonts\amsfonts.sty"
Package: amsfonts 2009/06/22 v3.00 Basic AMSFonts support
\@emptytoks=\toks16
\symAMSa=\mathgroup4
\symAMSb=\mathgroup5
LaTeX Font Info:    Overwriting math alphabet `\mathfrak' in version `bold'
(Font)                  U/euf/m/n --> U/euf/b/n on input line 96.
)
("C:\Program Files (x86)\MiKTeX 2.9\tex\latex\amsfonts\amssymb.sty"
Package: amssymb 2009/06/22 v3.00
)
("C:\Program Files (x86)\MiKTeX 2.9\tex\latex\ams\math\amsmath.sty"
Package: amsmath 2000/07/18 v2.13 AMS math features
\@mathmargin=\skip53

For additional information on amsmath, use the `?' option.
("C:\Program Files (x86)\MiKTeX 2.9\tex\latex\ams\math\amstext.sty"
Package: amstext 2000/06/29 v2.01

("C:\Program Files (x86)\MiKTeX 2.9\tex\latex\ams\math\amsgen.sty"
File: amsgen.sty 1999/11/30 v2.0
\@emptytoks=\toks17
\ex@=\dimen118
))
("C:\Program Files (x86)\MiKTeX 2.9\tex\latex\ams\math\amsbsy.sty"
Package: amsbsy 1999/11/29 v1.2d
\pmbraise@=\dimen119
)
("C:\Program Files (x86)\MiKTeX 2.9\tex\latex\ams\math\amsopn.sty"
Package: amsopn 1999/12/14 v2.01 operator names
)
\inf@bad=\count109
LaTeX Info: Redefining \frac on input line 211.
\uproot@=\count110
\leftroot@=\count111
LaTeX Info: Redefining \overline on input line 307.
\classnum@=\count112
\DOTSCASE@=\count113
LaTeX Info: Redefining \ldots on input line 379.
LaTeX Info: Redefining \dots on input line 382.
LaTeX Info: Redefining \cdots on input line 467.
\Mathstrutbox@=\box28
\strutbox@=\box29
\big@size=\dimen120
LaTeX Font Info:    Redeclaring font encoding OML on input line 567.
LaTeX Font Info:    Redeclaring font encoding OMS on input line 568.
\macc@depth=\count114
\c@MaxMatrixCols=\count115
\dotsspace@=\muskip11
\c@parentequation=\count116
\dspbrk@lvl=\count117
\tag@help=\toks18
\row@=\count118
\column@=\count119
\maxfields@=\count120
\andhelp@=\toks19
\eqnshift@=\dimen121
\alignsep@=\dimen122
\tagshift@=\dimen123
\tagwidth@=\dimen124
\totwidth@=\dimen125
\lineht@=\dimen126
\@envbody=\toks20
\multlinegap=\skip54
\multlinetaggap=\skip55
\mathdisplay@stack=\toks21
LaTeX Info: Redefining \[ on input line 2666.
LaTeX Info: Redefining \] on input line 2667.
)
("C:\Program Files (x86)\MiKTeX 2.9\tex\latex\tools\verbatim.sty"
Package: verbatim 2003/08/22 v1.5q LaTeX2e package for verbatim enhancements
\every@verbatim=\toks22
\verbatim@line=\toks23
\verbatim@in@stream=\read1
)
("C:\Program Files (x86)\MiKTeX 2.9\tex\latex\graphics\color.sty"
Package: color 2005/11/14 v1.0j Standard LaTeX Color (DPC)

("C:\Program Files (x86)\MiKTeX 2.9\tex\latex\00miktex\color.cfg"
File: color.cfg 2007/01/18 v1.5 color configuration of teTeX/TeXLive
)
Package color Info: Driver file: pdftex.def on input line 130.

("C:\Program Files (x86)\MiKTeX 2.9\tex\latex\pdftex-def\pdftex.def"
File: pdftex.def 2011/05/27 v0.06d Graphics/color for pdfTeX
\Gread@gobject=\count121
))
("C:\Program Files (x86)\MiKTeX 2.9\tex\latex\graphics\graphicx.sty"
Package: graphicx 1999/02/16 v1.0f Enhanced LaTeX Graphics (DPC,SPQR)

("C:\Program Files (x86)\MiKTeX 2.9\tex\latex\graphics\graphics.sty"
Package: graphics 2009/02/05 v1.0o Standard LaTeX Graphics (DPC,SPQR)

("C:\Program Files (x86)\MiKTeX 2.9\tex\latex\graphics\trig.sty"
Package: trig 1999/03/16 v1.09 sin cos tan (DPC)
)
("C:\Program Files (x86)\MiKTeX 2.9\tex\latex\00miktex\graphics.cfg"
File: graphics.cfg 2007/01/18 v1.5 graphics configuration of teTeX/TeXLive
)
Package graphics Info: Driver file: pdftex.def on input line 91.
)
\Gin@req@height=\dimen127
\Gin@req@width=\dimen128
)
("C:\Program Files (x86)\MiKTeX 2.9\tex\latex\oberdiek\epstopdf.sty"
Package: epstopdf 2010/02/09 v2.5 Conversion with epstopdf on the fly (HO)

("C:\Program Files (x86)\MiKTeX 2.9\tex\latex\oberdiek\epstopdf-base.sty"
Package: epstopdf-base 2010/02/09 v2.5 Base part for package epstopdf

("C:\Program Files (x86)\MiKTeX 2.9\tex\latex\oberdiek\grfext.sty"
Package: grfext 2010/08/19 v1.1 Manage graphics extensions (HO)
)
Package grfext Info: Graphics extension search list:
(grfext)             [.png,.pdf,.jpg,.mps,.jpeg,.jbig2,.jb2,.PNG,.PDF,.JPG,.JPEG,.JBIG2,.JB2,.eps]
(grfext)             \AppendGraphicsExtensions on input line 452.
))
(C:\Users\jmgomez\Documents\GitHub\deliverables\D2.2v2\D2.2v2.aux)
LaTeX Font Info:    Checking defaults for OML/cmm/m/it on input line 58.
LaTeX Font Info:    ... okay on input line 58.
LaTeX Font Info:    Checking defaults for T1/cmr/m/n on input line 58.
LaTeX Font Info:    ... okay on input line 58.
LaTeX Font Info:    Checking defaults for OT1/cmr/m/n on input line 58.
LaTeX Font Info:    ... okay on input line 58.
LaTeX Font Info:    Checking defaults for OMS/cmsy/m/n on input line 58.
LaTeX Font Info:    ... okay on input line 58.
LaTeX Font Info:    Checking defaults for OMX/cmex/m/n on input line 58.
LaTeX Font Info:    ... okay on input line 58.
LaTeX Font Info:    Checking defaults for U/cmr/m/n on input line 58.
LaTeX Font Info:    ... okay on input line 58.
LaTeX Font Info:    Checking defaults for TS1/cmr/m/n on input line 58.
LaTeX Font Info:    Try loading font information for TS1+cmr on input line 58.

("C:\Program Files (x86)\MiKTeX 2.9\tex\latex\base\ts1cmr.fd"
File: ts1cmr.fd 1999/05/25 v2.5h Standard LaTeX font definitions
)
LaTeX Font Info:    ... okay on input line 58.
LaTeX Font Info:    Checking defaults for PD1/pdf/m/n on input line 58.
LaTeX Font Info:    ... okay on input line 58.
LaTeX Font Info:    Try loading font information for T1+phv on input line 58.

("C:\Program Files (x86)\MiKTeX 2.9\tex\latex\psnfss\t1phv.fd"
File: t1phv.fd 2001/06/04 scalable font definitions for T1/phv.
)
LaTeX Font Info:    Font shape `T1/phv/m/n' will be
(Font)              scaled to size 10.07397pt on input line 58.
Package caption Info: Begin \AtBeginDocument code.
Package caption Info: hyperref package is loaded.
Package caption Info: listings package is loaded.
Package caption Info: End \AtBeginDocument code.
\c@lstlisting=\count122
\AtBeginShipoutBox=\box30
Package hyperref Info: Link coloring OFF on input line 58.

("C:\Program Files (x86)\MiKTeX 2.9\tex\latex\hyperref\nameref.sty"
Package: nameref 2012/10/27 v2.43 Cross-referencing by name of section

("C:\Program Files (x86)\MiKTeX 2.9\tex\generic\oberdiek\gettitlestring.sty"
Package: gettitlestring 2010/12/03 v1.4 Cleanup title references (HO)
)
\c@section@level=\count123
)
LaTeX Info: Redefining \ref on input line 58.
LaTeX Info: Redefining \pageref on input line 58.
LaTeX Info: Redefining \nameref on input line 58.

(C:\Users\jmgomez\Documents\GitHub\deliverables\D2.2v2\D2.2v2.out)
(C:\Users\jmgomez\Documents\GitHub\deliverables\D2.2v2\D2.2v2.out)
\@outlinefile=\write3

("C:\Program Files (x86)\MiKTeX 2.9\tex\context\base\supp-pdf.mkii"
[Loading MPS to PDF converter (version 2006.09.02).]
\scratchcounter=\count124
\scratchdimen=\dimen129
\scratchbox=\box31
\nofMPsegments=\count125
\nofMParguments=\count126
\everyMPshowfont=\toks24
\MPscratchCnt=\count127
\MPscratchDim=\dimen130
\MPnumerator=\count128
\makeMPintoPDFobject=\count129
\everyMPtoPDFconversion=\toks25
) <wf4everLogo2.pdf, id=82, 486.37709pt x 96.8418pt>
File: wf4everLogo2.pdf Graphic file (type pdf)
 <use wf4everLogo2.pdf>
Package pdftex.def Info: wf4everLogo2.pdf used on input line 59.
(pdftex.def)             Requested size: 479.1443pt x 95.40079pt.
LaTeX Font Info:    Font shape `T1/phv/bx/n' in size <10.95> not available
(Font)              Font shape `T1/phv/b/n' tried instead on input line 59.
LaTeX Font Info:    Font shape `T1/phv/b/n' will be
(Font)              scaled to size 10.07397pt on input line 59.
LaTeX Font Info:    Font shape `T1/phv/m/n' will be
(Font)              scaled to size 19.08076pt on input line 59.
LaTeX Font Info:    Try loading font information for U+msa on input line 59.

("C:\Program Files (x86)\MiKTeX 2.9\tex\latex\amsfonts\umsa.fd"
File: umsa.fd 2009/06/22 v3.00 AMS symbols A
)
LaTeX Font Info:    Try loading font information for U+msb on input line 59.

("C:\Program Files (x86)\MiKTeX 2.9\tex\latex\amsfonts\umsb.fd"
File: umsb.fd 2009/06/22 v3.00 AMS symbols B
)
LaTeX Font Info:    Font shape `T1/phv/m/n' will be
(Font)              scaled to size 9.19998pt on input line 59.
LaTeX Font Info:    Try loading font information for TS1+phv on input line 59.

("C:\Program Files (x86)\MiKTeX 2.9\tex\latex\psnfss\ts1phv.fd"
File: ts1phv.fd 2001/06/04 scalable font definitions for TS1/phv.
)
LaTeX Font Info:    Font shape `TS1/phv/m/n' will be
(Font)              scaled to size 9.19998pt on input line 59.
 [1

{C:/ProgramData/MiKTeX/2.9/pdftex/config/pdftex.map} <C:/Users/jmgomez/Documents/GitHub/deliverables/D2.2v2/wf4everLogo2
.pdf>]
(C:\Users\jmgomez\Documents\GitHub\deliverables\D2.2v2\partners.tex
LaTeX Font Info:    Font shape `T1/phv/m/n' will be
(Font)              scaled to size 13.24796pt on input line 26.
LaTeX Font Info:    Font shape `T1/phv/bx/n' in size <14.4> not available
(Font)              Font shape `T1/phv/b/n' tried instead on input line 26.
LaTeX Font Info:    Font shape `T1/phv/b/n' will be
(Font)              scaled to size 13.24796pt on input line 26.

Overfull \hbox (23.99998pt too wide) in paragraph at lines 32--64
[][]
 []


Underfull \hbox (badness 10000) in paragraph at lines 32--64

 []

<wf4everLogo.pdf, id=98, 1040.88875pt x 429.605pt>
File: wf4everLogo.pdf Graphic file (type pdf)
 <use wf4everLogo.pdf>
Package pdftex.def Info: wf4everLogo.pdf used on input line 64.
(pdftex.def)             Requested size: 55.76758pt x 23.01543pt.
 [2 <C:/Users/jmgomez/Documents/GitHub/deliverables/D2.2v2/wf4everLogo.pdf, page is rotated 90 degrees>])
LaTeX Font Info:    Font shape `TS1/phv/m/n' will be
(Font)              scaled to size 10.07397pt on input line 64.
 [3]
File: wf4everLogo.pdf Graphic file (type pdf)
 <use wf4everLogo.pdf>
Package pdftex.def Info: wf4everLogo.pdf used on input line 128.
(pdftex.def)             Requested size: 55.76758pt x 23.01543pt.
 [4

]
(C:\Users\jmgomez\Documents\GitHub\deliverables\D2.2v2\D2.2v2.toc)
\tf@toc=\write4
 [5

]
(C:\Users\jmgomez\Documents\GitHub\deliverables\D2.2v2\D2.2v2.lof
LaTeX Font Info:    Font shape `T1/phv/m/it' in size <10.95> not available
(Font)              Font shape `T1/phv/m/sl' tried instead on input line 4.
LaTeX Font Info:    Font shape `T1/phv/m/sl' will be
(Font)              scaled to size 10.07397pt on input line 4.
)
\tf@lof=\write5

(C:\Users\jmgomez\Documents\GitHub\deliverables\D2.2v2\list_of_ontologies.tex
LaTeX Font Info:    Try loading font information for T1+fi4 on input line 4.

("C:\Program Files (x86)\MiKTeX 2.9\tex\latex\inconsolata\t1fi4.fd"
File: t1fi4.fd 2009/05/28 T1/Inconsolata
))
File: wf4everLogo.pdf Graphic file (type pdf)
 <use wf4everLogo.pdf>
Package pdftex.def Info: wf4everLogo.pdf used on input line 138.
(pdftex.def)             Requested size: 55.76758pt x 23.01543pt.
 [6

]
(C:\Users\jmgomez\Documents\GitHub\deliverables\D2.2v2\intro.tex

LaTeX Warning: Citation `D3.2v2' on page 7 undefined on input line 8.


LaTeX Warning: Citation `D4.2v2' on page 7 undefined on input line 10.


LaTeX Warning: Citation `DBLP:journals/fgcs/RoureGS09' on page 7 undefined on input line 20.

) (C:\Users\jmgomez\Documents\GitHub\deliverables\D2.2v2\ro-model.tex
<Figures/wm_abstract.png, id=231, 357.4956pt x 277.9986pt>
File: Figures/wm_abstract.png Graphic file (type png)
 <use Figures/wm_abstract.png>
Package pdftex.def Info: Figures/wm_abstract.png used on input line 9.
(pdftex.def)             Requested size: 191.65479pt x 149.03955pt.
LaTeX Font Info:    Font shape `T1/phv/m/n' will be
(Font)              scaled to size 7.35999pt on input line 14.
LaTeX Font Info:    Font shape `T1/phv/m/n' will be
(Font)              scaled to size 8.27998pt on input line 14.
LaTeX Font Info:    Font shape `T1/phv/m/n' will be
(Font)              scaled to size 5.51999pt on input line 14.


LaTeX Warning: Citation `COG11' on page 7 undefined on input line 14.

<Figures/wm_concrete.png, id=237, 344.9688pt x 272.217pt>
File: Figures/wm_concrete.png Graphic file (type png)
 <use Figures/wm_concrete.png>
Package pdftex.def Info: Figures/wm_concrete.png used on input line 18.
(pdftex.def)             Requested size: 191.65479pt x 151.24005pt.
LaTeX Font Info:    Font shape `T1/phv/m/n' will be
(Font)              scaled to size 11.03998pt on input line 23.
LaTeX Font Info:    Font shape `T1/phv/bx/n' in size <12> not available
(Font)              Font shape `T1/phv/b/n' tried instead on input line 23.
LaTeX Font Info:    Font shape `T1/phv/b/n' will be
(Font)              scaled to size 11.03998pt on input line 23.
 [7

]
<Figures/ro_ontology_1.png, id=246, 546.843pt x 233.1912pt>
File: Figures/ro_ontology_1.png Graphic file (type png)
 <use Figures/ro_ontology_1.png>
Package pdftex.def Info: Figures/ro_ontology_1.png used on input line 32.
(pdftex.def)             Requested size: 287.4895pt x 122.59799pt.
File: wf4everLogo.pdf Graphic file (type pdf)
 <use wf4everLogo.pdf>
Package pdftex.def Info: wf4everLogo.pdf used on input line 43.
(pdftex.def)             Requested size: 55.76758pt x 23.01543pt.

[8 <C:/Users/jmgomez/Documents/GitHub/deliverables/D2.2v2/Figures/wm_abstract.png> <C:/Users/jmgomez/Documents/GitHub/de
liverables/D2.2v2/Figures/wm_concrete.png> <C:/Users/jmgomez/Documents/GitHub/deliverables/D2.2v2/Figures/ro_ontology_1.
png>]

LaTeX Warning: Citation `COG11' on page 9 undefined on input line 46.

LaTeX Font Info:    Font shape `T1/phv/m/it' in size <9> not available
(Font)              Font shape `T1/phv/m/sl' tried instead on input line 53.
LaTeX Font Info:    Font shape `T1/phv/m/sl' will be
(Font)              scaled to size 8.27998pt on input line 53.
<Figures/wfdesc.png, id=265, 563.706pt x 452.4102pt>
File: Figures/wfdesc.png Graphic file (type png)
 <use Figures/wfdesc.png>
Package pdftex.def Info: Figures/wfdesc.png used on input line 57.
(pdftex.def)             Requested size: 287.4895pt x 230.73305pt.


LaTeX Warning: Citation `w3c-prov-o' on page 9 undefined on input line 65.

LaTeX Font Info:    Font shape `T1/phv/bx/it' in size <10.95> not available
(Font)              Font shape `T1/phv/b/it' tried instead on input line 74.
LaTeX Font Info:    Font shape `T1/phv/b/it' in size <10.95> not available
(Font)              Font shape `T1/phv/b/sl' tried instead on input line 74.
LaTeX Font Info:    Font shape `T1/phv/b/sl' will be
(Font)              scaled to size 10.07397pt on input line 74.
[9] <Figures/wfprov.png, id=279, 615.7404pt x 421.575pt>
File: Figures/wfprov.png Graphic file (type png)
 <use Figures/wfprov.png>
Package pdftex.def Info: Figures/wfprov.png used on input line 78.
(pdftex.def)             Requested size: 287.4895pt x 196.83443pt.
File: wf4everLogo.pdf Graphic file (type pdf)
 <use wf4everLogo.pdf>
Package pdftex.def Info: wf4everLogo.pdf used on input line 92.
(pdftex.def)             Requested size: 55.76758pt x 23.01543pt.
 [10 <C:/Users/jmgomez/Documents/GitHub/deliverables/D2.2v2/Figures/wfdesc.png> <C:/Users/jmgomez/Documents/GitHub/deliv
erables/D2.2v2/Figures/wfprov.png>] <Figures/roevo.png, id=291, 707.7642pt x 395.076pt>
File: Figures/roevo.png Graphic file (type png)
 <use Figures/roevo.png>
Package pdftex.def Info: Figures/roevo.png used on input line 95.
(pdftex.def)             Requested size: 287.4895pt x 160.47511pt.
) [11 <C:/Users/jmgomez/Documents/GitHub/deliverables/D2.2v2/Figures/roevo.png>] (C:\Users\jmgomez\Documents\GitHub\deli
verables\D2.2v2\romt.tex
<Figures/ROManagementTools-exploitation.png, id=312, 782.925pt x 542.025pt>
File: Figures/ROManagementTools-exploitation.png Graphic file (type png)

<use Figures/ROManagementTools-exploitation.png>
Package pdftex.def Info: Figures/ROManagementTools-exploitation.png used on input line 8.
(pdftex.def)             Requested size: 407.27557pt x 281.96213pt.
) (C:\Users\jmgomez\Documents\GitHub\deliverables\D2.2v2\romanager.tex

LaTeX Warning: Citation `D4.2v2' on page 12 undefined on input line 6.

File: wf4everLogo.pdf Graphic file (type pdf)
<use wf4everLogo.pdf>
Package pdftex.def Info: wf4everLogo.pdf used on input line 18.
(pdftex.def)             Requested size: 55.76758pt x 23.01543pt.
 [12 <C:/Users/jmgomez/Documents/GitHub/deliverables/D2.2v2/Figures/ROManagementTools-exploitation.png>] <Figures/RO_Man
ager_seq.png, id=321, 596.9502pt x 845.0772pt>
File: Figures/RO_Manager_seq.png Graphic file (type png)
 <use Figures/RO_Manager_seq.png>
Package pdftex.def Info: Figures/RO_Manager_seq.png used on input line 27.
(pdftex.def)             Requested size: 407.27557pt x 576.56622pt.

Underfull \hbox (badness 1092) in paragraph at lines 42--43
[]\T1/phv/m/n/10.95 The \T1/fi4/m/n/10.95 ro add \T1/phv/m/n/10.95 com-mand uses the RO URI to ini-tial-ize an \T1/fi4/m
/n/10.95 ro$\OMS/cmsy/m/n/10.95 n$\T1/fi4/m/n/10.95 _metadata \T1/phv/m/n/10.95 ob-ject, and calls its
 []

) (C:\Users\jmgomez\Documents\GitHub\deliverables\D2.2v2\rodl.tex

LaTeX Warning: Citation `w4fever_d132' on page 13 undefined on input line 6.


LaTeX Warning: Citation `RO-API' on page 13 undefined on input line 11.


LaTeX Warning: Citation `RO-EVO-API' on page 13 undefined on input line 11.

[13]
File: wf4everLogo.pdf Graphic file (type pdf)
 <use wf4everLogo.pdf>
Package pdftex.def Info: wf4everLogo.pdf used on input line 13.
(pdftex.def)             Requested size: 55.76758pt x 23.01543pt.
 [14 <C:/Users/jmgomez/Documents/GitHub/deliverables/D2.2v2/Figures/RO_Manager_seq.png>]

LaTeX Warning: Citation `RO_model' on page 15 undefined on input line 13.


LaTeX Warning: Citation `w4fever_d321' on page 15 undefined on input line 15.


LaTeX Warning: Citation `Notification-API' on page 15 undefined on input line 17.


LaTeX Warning: Citation `UM-API' on page 15 undefined on input line 17.

<Figures/RODL-new.png, id=364, 716.4366pt x 396.0396pt>
File: Figures/RODL-new.png Graphic file (type png)
 <use Figures/RODL-new.png>
Package pdftex.def Info: Figures/RODL-new.png used on input line 27.
(pdftex.def)             Requested size: 479.1443pt x 264.87378pt.


LaTeX Warning: Citation `dLibra' on page 15 undefined on input line 33.


LaTeX Warning: Citation `Jena' on page 15 undefined on input line 35.


LaTeX Warning: Citation `dArceo' on page 15 undefined on input line 39.


LaTeX Warning: Citation `Checklist-API' on page 15 undefined on input line 39.


LaTeX Warning: Citation `Stability-API' on page 15 undefined on input line 39.

[15]

LaTeX Warning: Citation `Platon' on page 16 undefined on input line 43.

<Figures/RODL/ROcreate.png, id=381, 1009.7725pt x 369.38pt>
File: Figures/RODL/ROcreate.png Graphic file (type png)
 <use Figures/RODL/ROcreate.png>
Package pdftex.def Info: Figures/RODL/ROcreate.png used on input line 50.
(pdftex.def)             Requested size: 479.1443pt x 175.27132pt.

<Figures/RODL/ROdelete.png, id=382, 1009.7725pt x 367.3725pt>
File: Figures/RODL/ROdelete.png Graphic file (type png)
 <use Figures/RODL/ROdelete.png>
Package pdftex.def Info: Figures/RODL/ROdelete.png used on input line 57.
(pdftex.def)             Requested size: 479.1443pt x 174.31876pt.

<Figures/RODL/ResourceAdd.png, id=383, 1009.7725pt x 409.53pt>
File: Figures/RODL/ResourceAdd.png Graphic file (type png)
 <use Figures/RODL/ResourceAdd.png>
Package pdftex.def Info: Figures/RODL/ResourceAdd.png used on input line 64.
(pdftex.def)             Requested size: 479.1443pt x 194.32256pt.

<Figures/RODL/ResourceUpdate.png, id=384, 1009.7725pt x 407.5225pt>
File: Figures/RODL/ResourceUpdate.png Graphic file (type png)
 <use Figures/RODL/ResourceUpdate.png>
Package pdftex.def Info: Figures/RODL/ResourceUpdate.png used on input line 71.
(pdftex.def)             Requested size: 479.1443pt x 193.37pt.

<Figures/RODL/ResourceDelete.png, id=385, 1009.7725pt x 405.515pt>
File: Figures/RODL/ResourceDelete.png Graphic file (type png)
 <use Figures/RODL/ResourceDelete.png>
Package pdftex.def Info: Figures/RODL/ResourceDelete.png used on input line 78.
(pdftex.def)             Requested size: 479.1443pt x 192.41742pt.

<Figures/RODL/SnapshotClient.png, id=386, 549.05125pt x 885.3075pt>
File: Figures/RODL/SnapshotClient.png Graphic file (type png)
 <use Figures/RODL/SnapshotClient.png>
Package pdftex.def Info: Figures/RODL/SnapshotClient.png used on input line 85.
(pdftex.def)             Requested size: 479.1443pt x 772.60234pt.


LaTeX Warning: Float too large for page by 114.13255pt on input line 88.

<Figures/RODL/SnapshotPerform.png, id=387, 768.8725pt x 505.89pt>
File: Figures/RODL/SnapshotPerform.png Graphic file (type png)
 <use Figures/RODL/SnapshotPerform.png>
Package pdftex.def Info: Figures/RODL/SnapshotPerform.png used on input line 92.
(pdftex.def)             Requested size: 479.1443pt x 315.26959pt.

<Figures/RODL/SnapshotFinalize.png, id=388, 768.8725pt x 305.14pt>
File: Figures/RODL/SnapshotFinalize.png Graphic file (type png)
 <use Figures/RODL/SnapshotFinalize.png>
Package pdftex.def Info: Figures/RODL/SnapshotFinalize.png used on input line 99.
(pdftex.def)             Requested size: 479.1443pt x 190.1626pt.

<Figures/RODL/dArceoStore.png, id=389, 746.79pt x 224.84pt>
File: Figures/RODL/dArceoStore.png Graphic file (type png)
 <use Figures/RODL/dArceoStore.png>
Package pdftex.def Info: Figures/RODL/dArceoStore.png used on input line 106.
(pdftex.def)             Requested size: 479.1443pt x 144.25734pt.

<Figures/RODL/dArceoQuality.png, id=390, 1178.4025pt x 576.1525pt>
File: Figures/RODL/dArceoQuality.png Graphic file (type png)
 <use Figures/RODL/dArceoQuality.png>
Package pdftex.def Info: Figures/RODL/dArceoQuality.png used on input line 113.
(pdftex.def)             Requested size: 479.1443pt x 234.26357pt.
File: wf4everLogo.pdf Graphic file (type pdf)

<use wf4everLogo.pdf>
Package pdftex.def Info: wf4everLogo.pdf used on input line 126.
(pdftex.def)             Requested size: 55.76758pt x 23.01543pt.
 [16 <C:/Users/jmgomez/Documents/GitHub/deliverables/D2.2v2/Figures/RODL-new.png>])
(C:\Users\jmgomez\Documents\GitHub\deliverables\D2.2v2\romyexperiment.tex [17 <C:/Users/jmgomez/Documents/GitHub/deliver
ables/D2.2v2/Figures/RODL/ROcreate.png> <C:/Users/jmgomez/Documents/GitHub/deliverables/D2.2v2/Figures/RODL/ROdelete.png
> <C:/Users/jmgomez/Documents/GitHub/deliverables/D2.2v2/Figures/RODL/ResourceAdd.png>]

LaTeX Warning: Citation `DBLP:journals/fgcs/RoureGS09' on page 18 undefined on input line 6.


LaTeX Warning: Citation `galaxy' on page 18 undefined on input line 6.


LaTeX Warning: Citation `taverna' on page 18 undefined on input line 6.


LaTeX Warning: Citation `kepler' on page 18 undefined on input line 6.


LaTeX Warning: Citation `vistrails' on page 18 undefined on input line 6.

<Figures/myexperimentArchitecture.png, id=409, 537.207pt x 349.305pt>
File: Figures/myexperimentArchitecture.png Graphic file (type png)
 <use Figures/myexperimentArchitecture.png>
Package pdftex.def Info: Figures/myexperimentArchitecture.png used on input line 10.
(pdftex.def)             Requested size: 335.39954pt x 218.09122pt.

<Figures/myexperimentInteractions.png, id=410, 711.6186pt x 543.9522pt>
File: Figures/myexperimentInteractions.png Graphic file (type png)
 <use Figures/myexperimentInteractions.png>
Package pdftex.def Info: Figures/myexperimentInteractions.png used on input line 22.
(pdftex.def)             Requested size: 335.39954pt x 256.37965pt.
File: wf4everLogo.pdf Graphic file (type pdf)

<use wf4everLogo.pdf>
Package pdftex.def Info: wf4everLogo.pdf used on input line 26.
(pdftex.def)             Requested size: 55.76758pt x 23.01543pt.
 [18 <C:/Users/jmgomez/Documents/GitHub/deliverables/D2.2v2/Figures/RODL/ResourceUpdate.png> <C:/Users/jmgomez/Documents
/GitHub/deliverables/D2.2v2/Figures/RODL/ResourceDelete.png>])
(C:\Users\jmgomez\Documents\GitHub\deliverables\D2.2v2\workflowabstraction.tex

LaTeX Warning: Citation `garijo_Alper_2012' on page 19 undefined on input line 10.


LaTeX Warning: Citation `taverna' on page 19 undefined on input line 10.


LaTeX Warning: Citation `DBLP:journals/expert/GilRKGGMD11' on page 19 undefined on input line 10.


LaTeX Warning: Citation `Goecks_Nekrutenko_Taylor_2010' on page 19 undefined on input line 10.


LaTeX Warning: Citation `Callahan06-vistrails' on page 19 undefined on input line 10.

[19] <Figures/taverna-wf-motifs.png, id=435, 575.14874pt x 466.74374pt>
File: Figures/taverna-wf-motifs.png Graphic file (type png)
 <use Figures/taverna-wf-motifs.png>
Package pdftex.def Info: Figures/taverna-wf-motifs.png used on input line 14.
(pdftex.def)             Requested size: 402.60138pt x 326.71838pt.


LaTeX Warning: Citation `garijo_Alper_2012' on page 20 undefined on input line 22.

<Figures/ontology.png, id=438, 648.4225pt x 685.56125pt>
File: Figures/ontology.png Graphic file (type png)
 <use Figures/ontology.png>
Package pdftex.def Info: Figures/ontology.png used on input line 26.
(pdftex.def)             Requested size: 389.0565pt x 411.33992pt.


LaTeX Warning: Citation `ro_model' on page 20 undefined on input line 34.


LaTeX Warning: Citation `garijo_gil_2011' on page 20 undefined on input line 34.


LaTeX Warning: Citation `garijo-gil-lisc12' on page 20 undefined on input line 34.


LaTeX Warning: Citation `Missier2013a' on page 20 undefined on input line 34.

<Figures/tav-wf-annotated.png, id=441, 1288.0622pt x 688.07062pt>
File: Figures/tav-wf-annotated.png Graphic file (type png)
 <use Figures/tav-wf-annotated.png>
Package pdftex.def Info: Figures/tav-wf-annotated.png used on input line 38.
(pdftex.def)             Requested size: 257.60786pt x 137.61168pt.


LaTeX Warning: Citation `summaryBigData13' on page 20 undefined on input line 43.

) (C:\Users\jmgomez\Documents\GitHub\deliverables\D2.2v2\workflowindexation.tex
LaTeX Font Info:    Font shape `T1/phv/bx/n' in size <9> not available
(Font)              Font shape `T1/phv/b/n' tried instead on input line 4.
LaTeX Font Info:    Font shape `T1/phv/b/n' will be
(Font)              scaled to size 8.27998pt on input line 4.


LaTeX Warning: Citation `ro_model' on page 20 undefined on input line 4.


Underfull \hbox (badness 10000) in paragraph at lines 4--5

 []

File: wf4everLogo.pdf Graphic file (type pdf)
<use wf4everLogo.pdf>
Package pdftex.def Info: wf4everLogo.pdf used on input line 5.
(pdftex.def)             Requested size: 55.76758pt x 23.01543pt.
 [20]

LaTeX Warning: Citation `Matono03anindexing' on page 21 undefined on input line 6.


Underfull \hbox (badness 10000) in paragraph at lines 6--7

 []


LaTeX Warning: Citation `khalid_13' on page 21 undefined on input line 8.

<Figures/sorting-workflow.png, id=455, 578.6418pt x 347.3778pt>
File: Figures/sorting-workflow.png Graphic file (type png)
 <use Figures/sorting-workflow.png>
Package pdftex.def Info: Figures/sorting-workflow.png used on input line 12.
(pdftex.def)             Requested size: 405.0465pt x 243.1628pt.

Underfull \hbox (badness 10000) in paragraph at lines 24--25
\T1/phv/m/n/10.95 This ser-vice []$\T1/fi4/m/n/10.95 http : / / sandbox . wf4ever-[]project . org / wfabstraction / rest
 / search$[] \T1/phv/m/n/10.95 searches for
 []


Underfull \hbox (badness 1117) in paragraph at lines 24--25
\T1/phv/m/n/10.95 those work-flows which con-tain a spe-cific se-quence of pro-cesses pro-vid-ing on real time a list in
-
 []


Underfull \hbox (badness 2726) in paragraph at lines 24--25
\T1/phv/m/n/10.95 clud-ing all of them. The ser-vice ac-cepts an ar-ray of pro-cesses' names as in-put pa-ram-e-ter
 []


Underfull \hbox (badness 1590) in paragraph at lines 24--25
\T1/phv/m/n/10.95 pro-cess[] (e.g. pro-cess?=p1&p2&p3). There-fore the gen-eral call would be of the form: []$\T1/fi4/m/
n/10.95 http :
 []


Underfull \hbox (badness 10000) in paragraph at lines 24--25

 []


LaTeX Warning: Citation `khalid_13' on page 21 undefined on input line 38.


Underfull \hbox (badness 10000) in paragraph at lines 34--40

 []

[21]) (C:\Users\jmgomez\Documents\GitHub\deliverables\D2.2v2\conclusions.tex)
File: wf4everLogo.pdf Graphic file (type pdf)
 <use wf4everLogo.pdf>
Package pdftex.def Info: wf4everLogo.pdf used on input line 163.
(pdftex.def)             Requested size: 55.76758pt x 23.01543pt.
 [22] [23 <C:/Users/jmgomez/Documents/GitHub/deliverables/D2.2v2/Figures/RODL/SnapshotClient.png>]
File: wf4everLogo.pdf Graphic file (type pdf)
 <use wf4everLogo.pdf>
Package pdftex.def Info: wf4everLogo.pdf used on input line 163.
(pdftex.def)             Requested size: 55.76758pt x 23.01543pt.
 [24 <C:/Users/jmgomez/Documents/GitHub/deliverables/D2.2v2/Figures/RODL/SnapshotPerform.png> <C:/Users/jmgomez/Document
s/GitHub/deliverables/D2.2v2/Figures/RODL/SnapshotFinalize.png>] [25 <C:/Users/jmgomez/Documents/GitHub/deliverables/D2.
2v2/Figures/RODL/dArceoStore.png> <C:/Users/jmgomez/Documents/GitHub/deliverables/D2.2v2/Figures/RODL/dArceoQuality.png>
 <C:/Users/jmgomez/Documents/GitHub/deliverables/D2.2v2/Figures/myexperimentArchitecture.png>]
File: wf4everLogo.pdf Graphic file (type pdf)
 <use wf4everLogo.pdf>
Package pdftex.def Info: wf4everLogo.pdf used on input line 163.
(pdftex.def)             Requested size: 55.76758pt x 23.01543pt.
 [26 <C:/Users/jmgomez/Documents/GitHub/deliverables/D2.2v2/Figures/myexperimentInteractions.png> <C:/Users/jmgomez/Docu
ments/GitHub/deliverables/D2.2v2/Figures/taverna-wf-motifs.png>] [27 <C:/Users/jmgomez/Documents/GitHub/deliverables/D2.
2v2/Figures/ontology.png (PNG copy)> <C:/Users/jmgomez/Documents/GitHub/deliverables/D2.2v2/Figures/tav-wf-annotated.png
>]
File: wf4everLogo.pdf Graphic file (type pdf)
 <use wf4everLogo.pdf>
Package pdftex.def Info: wf4everLogo.pdf used on input line 163.
(pdftex.def)             Requested size: 55.76758pt x 23.01543pt.

[28 <C:/Users/jmgomez/Documents/GitHub/deliverables/D2.2v2/Figures/sorting-workflow.png>]
(C:\Users\jmgomez\Documents\GitHub\deliverables\D2.2v2\D2.2v2.bbl

LaTeX Warning: Empty `thebibliography' environment on input line 3.

)
Package atveryend Info: Empty hook `BeforeClearDocument' on input line 172.
 [29

]
Package atveryend Info: Empty hook `AfterLastShipout' on input line 172.
 (C:\Users\jmgomez\Documents\GitHub\deliverables\D2.2v2\D2.2v2.aux)
Package atveryend Info: Executing hook `AtVeryEndDocument' on input line 172.
Package atveryend Info: Executing hook `AtEndAfterFileList' on input line 172.
Package rerunfilecheck Info: File `D2.2v2.out' has not changed.
(rerunfilecheck)             Checksum: A308ABB36388083301F7C9DF00049587;1399.


LaTeX Warning: There were undefined references.


LaTeX Warning: Label(s) may have changed. Rerun to get cross-references right.

Package atveryend Info: Empty hook `AtVeryVeryEnd' on input line 172.
 )
(\end occurred inside a group at level 1)

### semi simple group (level 1) entered at line 59 (\begingroup)
### bottom level 
Here is how much of TeX's memory you used:
 9571 strings out of 493921
 145067 string characters out of 3144871
 223194 words of memory out of 3000000
 12543 multiletter control sequences out of 15000+200000
 53101 words of font info for 74 fonts, out of 3000000 for 9000
 841 hyphenation exceptions out of 8191
 36i,15n,43p,1420b,516s stack positions out of 5000i,500n,10000p,200000b,50000s
{C:/Program Files (x86)/MiKTeX 2.9/fonts/enc/dvips/fontname/8r.enc}{C:/Program Files (x86)/MiKTeX 2.9/fo
nts/enc/dvips/inconsolata/fi4-ec.enc}<C:/Program Files (x86)/MiKTeX 2.9/fonts/type1/public/inconsolata/Inconsolata.pfb><
C:/Program Files (x86)/MiKTeX 2.9/fonts/type1/public/amsfonts/cm/cmmi10.pfb><C:/Program Files (x86)/MiKTeX 2.9/fonts/typ
e1/public/amsfonts/cm/cmmi8.pfb><C:/Program Files (x86)/MiKTeX 2.9/fonts/type1/public/amsfonts/cm/cmr10.pfb><C:/Program 
Files (x86)/MiKTeX 2.9/fonts/type1/public/amsfonts/cm/cmsy10.pfb><C:/Program Files (x86)/MiKTeX 2.9/fonts/type1/urw/helv
etic/uhvb8a.pfb><C:/Program Files (x86)/MiKTeX 2.9/fonts/type1/urw/helvetic/uhvbo8a.pfb><C:/Program Files (x86)/MiKTeX 2
.9/fonts/type1/urw/helvetic/uhvr8a.pfb><C:/Program Files (x86)/MiKTeX 2.9/fonts/type1/urw/helvetic/uhvro8a.pfb>
Output written on D2.2v2.pdf (29 pages, 2456075 bytes).
PDF statistics:
 578 PDF objects out of 1000 (max. 8388607)
 116 named destinations out of 1000 (max. 500000)
 296 words of extra memory for PDF output out of 10000 (max. 10000000)

